<?xml version="1.0" encoding="UTF-8"?>
<!-- Generated by org.testng.reporters.JUnitReportReporter -->
<testsuite hostname="01HW510223" name="Packagee.TutorialsPoint" tests="1" failures="0" timestamp="9 Dec 2016 10:15:57 GMT" time="59.430" errors="0">
  <testcase name="test1" time="59.430" classname="Packagee.TutorialsPoint"/>
</testsuite> <!-- Packagee.TutorialsPoint -->
